Start testing: Feb 20 12:33 +03
----------------------------------------------------------
1/16 Testing: Multiplication_Test
1/16 Test: Multiplication_Test
Command: "/usr/bin/mpirun" "-np" "4" "./ReleaseTests/MultTest" "TESTDATA/rmat_scale16_A.mtx" "TESTDATA/rmat_scale16_B.mtx" "TESTDATA/rmat_scale16_productAB.mtx" "TESTDATA/x_65536_halfdense.txt" "TESTDATA/y_65536_halfdense.txt"
Directory: /home/cheny0l/work/db245/CombBLAS_beta_16_1/build
"Multiplication_Test" start time: Feb 20 12:33 +03
Output:
----------------------------------------------------------
Matrix is Float
Total number of nonzeros expected across all processors is 490228
File is 8909455 bytes
Matrix is Float
Total number of nonzeros expected across all processors is 490265
File is 8897883 bytes
Matrix is Float
Total number of nonzeros expected across all processors is 3384784
File is 61473368 bytes
Dense SpMV (fully dist) working correctly
Sparse SpMV (fully dist) working correctly
SpMSpV-bucket works correctly for general CSC matrices
Synchronous Multiplication working correctly
Double buffered multiplication working correctly
Optimization buffers set
Graph500 Optimizations are correct
Multithreaded Sparse SpMV works
SpMSpV-bucket works correctly for Boolean CSC matrices
<end of output>
Test time =   1.72 sec
----------------------------------------------------------
Test Passed.
"Multiplication_Test" end time: Feb 20 12:33 +03
"Multiplication_Test" time elapsed: 00:00:01
----------------------------------------------------------

2/16 Testing: Reduction_Test
2/16 Test: Reduction_Test
Command: "/usr/bin/mpirun" "-np" "4" "./ReleaseTests/ReduceTest" "TESTDATA/sprand10000" "TESTDATA/sprand10000_sumcols" "TESTDATA/sprand10000_sumrows"
Directory: /home/cheny0l/work/db245/CombBLAS_beta_16_1/build
"Reduction_Test" start time: Feb 20 12:33 +03
Output:
----------------------------------------------------------
Reduction via summation working correctly
<end of output>
Test time =   0.29 sec
----------------------------------------------------------
Test Passed.
"Reduction_Test" end time: Feb 20 12:33 +03
"Reduction_Test" time elapsed: 00:00:00
----------------------------------------------------------

3/16 Testing: Iterator_Test
3/16 Test: Iterator_Test
Command: "/usr/bin/mpirun" "-np" "4" "./ReleaseTests/IteratorTest" "TESTDATA" "sprand10000"
Directory: /home/cheny0l/work/db245/CombBLAS_beta_16_1/build
"Iterator_Test" start time: Feb 20 12:33 +03
Output:
----------------------------------------------------------
Iteration passed soft test
<end of output>
Test time =   0.31 sec
----------------------------------------------------------
Test Passed.
"Iterator_Test" end time: Feb 20 12:33 +03
"Iterator_Test" time elapsed: 00:00:00
----------------------------------------------------------

4/16 Testing: Transpose_Test
4/16 Test: Transpose_Test
Command: "/usr/bin/mpirun" "-np" "4" "./ReleaseTests/TransposeTest" "TESTDATA" "betwinput_scale16" "betwinput_transposed_scale16"
Directory: /home/cheny0l/work/db245/CombBLAS_beta_16_1/build
"Transpose_Test" start time: Feb 20 12:33 +03
Output:
----------------------------------------------------------
Transpose working correctly
<end of output>
Test time =   1.14 sec
----------------------------------------------------------
Test Passed.
"Transpose_Test" end time: Feb 20 12:33 +03
"Transpose_Test" time elapsed: 00:00:01
----------------------------------------------------------

5/16 Testing: Indexing_Test
5/16 Test: Indexing_Test
Command: "/usr/bin/mpirun" "-np" "4" "./ReleaseTests/IndexingTest" "TESTDATA" "B_100x100.txt" "B_10x30_Indexed.txt" "rand10outta100.txt" "rand30outta100.txt"
Directory: /home/cheny0l/work/db245/CombBLAS_beta_16_1/build
"Indexing_Test" start time: Feb 20 12:33 +03
Output:
----------------------------------------------------------
Indexing working correctly
Elements stored on proc 0: {(0,0.234), (1,0.829), (2,0.221), (3,0.454), (4,0.096), (5,0.399), (6,0.895), (7,0.156), (8,0.052), (9,0.709), (10,0.305), (11,0.669), (12,0.493), (13,0.619), (14,0.736), (15,0.615), (16,0.124), (17,0.831), (18,0.958), (19,0.284), (20,0.411), (21,0.473), (22,0.935), (23,0.222), (24,0.54), }
Elements stored on proc 1: {(0,0.196), (1,0.571), (2,0.482), (3,0.09), (4,0.79), (5,0.939), (6,0.684), (7,0.465), (8,0.236), (9,0.713), (10,0.32), (11,0.748), (12,0.771), (13,0.123), (14,0.79), (15,0.06), (16,0.82), (17,0.506), (18,0.859), (19,0.268), (20,0.49), (21,0.01), (22,0.809), (23,0.284), (24,0.263), }
Elements stored on proc 2: {(0,0.159), (1,0.811), (2,0.198), (3,0.163), (4,0.779), (5,0.241), (6,0.623), (7,0.955), (8,0.258), (9,0.861), (10,0.104), (11,0.381), (12,0.657), (13,0.356), (14,0.083), (15,0.712), (16,0.413), (17,0.488), (18,0.646), (19,0.99), (20,0.523), (21,0.034), (22,0.227), (23,0.584), (24,0.824), }
Elements stored on proc 3: {(0,0.609), (1,0.557), (2,0.926), (3,0.481), (4,0.218), (5,0.92), (6,0.049), (7,0.052), (8,0.424), (9,0.214), (10,0.606), (11,0.385), (12,0.848), (13,0.583), (14,0.586), (15,0.615), (16,0.797), (17,0.48), (18,0.378), (19,0.66), (20,0.169), (21,0.258), (22,0.114), (23,0.575), (24,0.618), }
COMBBLAS Warning: It is dangerous to create (vector) objects without specifying the communicator, are you sure you want to create this object in MPI_COMM_WORLD?
COMBBLAS Warning: It is dangerous to create (vector) objects without specifying the communicator, are you sure you want to create this object in MPI_COMM_WORLD?
As a whole: 100 rows and 100 columns and 100 nonzeros
As a whole: 100 rows and 100 columns and 100 nonzeros
Old balance: 1.4
New balance: 1.12
Old balance: 1.4
New balance: 1.12
Sorts are done
Double permutation successfully restored the original
<end of output>
Test time =   0.49 sec
----------------------------------------------------------
Test Passed.
"Indexing_Test" end time: Feb 20 12:33 +03
"Indexing_Test" time elapsed: 00:00:00
----------------------------------------------------------

6/16 Testing: SpAsgn_Test
6/16 Test: SpAsgn_Test
Command: "/usr/bin/mpirun" "-np" "4" "./ReleaseTests/SpAsgnTest" "TESTDATA" "A_100x100.txt" "A_with20x30hole.txt" "dense_20x30matrix.txt" "A_wdenseblocks.txt" "20outta100.txt" "30outta100.txt"
Directory: /home/cheny0l/work/db245/CombBLAS_beta_16_1/build
"SpAsgn_Test" start time: Feb 20 12:33 +03
Output:
----------------------------------------------------------
Pruning is working
SpAsgn working correctly
COMBBLAS Warning: It is dangerous to create (vector) objects without specifying the communicator, are you sure you want to create this object in MPI_COMM_WORLD?
COMBBLAS Warning: It is dangerous to create (vector) objects without specifying the communicator, are you sure you want to create this object in MPI_COMM_WORLD?
<end of output>
Test time =   0.46 sec
----------------------------------------------------------
Test Passed.
"SpAsgn_Test" end time: Feb 20 12:33 +03
"SpAsgn_Test" time elapsed: 00:00:00
----------------------------------------------------------

7/16 Testing: GalerkinNew_Test
7/16 Test: GalerkinNew_Test
Command: "/usr/bin/mpirun" "-np" "4" "./ReleaseTests/GalerkinNew" "TESTDATA/grid3d_k5.txt" "TESTDATA/offdiag_grid3d_k5.txt" "TESTDATA/diag_grid3d_k5.txt" "TESTDATA/restrict_T_grid3d_k5.txt"
Directory: /home/cheny0l/work/db245/CombBLAS_beta_16_1/build
"GalerkinNew_Test" start time: Feb 20 12:33 +03
Output:
----------------------------------------------------------
Data read
Splitting approach is correct
Full restriction (without splitting) finished
0.166317 seconds elapsed per iteration
Full restriction (with splitting) finished
0.243525 seconds elapsed per iteration
<end of output>
Test time =   4.62 sec
----------------------------------------------------------
Test Passed.
"GalerkinNew_Test" end time: Feb 20 12:34 +03
"GalerkinNew_Test" time elapsed: 00:00:04
----------------------------------------------------------

8/16 Testing: ParIO_Test
8/16 Test: ParIO_Test
Command: "/usr/bin/mpirun" "-np" "4" "./ReleaseTests/ParIOTest" "TESTDATA/sevenvertex.mtx" "TESTDATA/sevenvertexgraph.txt"
Directory: /home/cheny0l/work/db245/CombBLAS_beta_16_1/build
"ParIO_Test" start time: Feb 20 12:34 +03
Output:
----------------------------------------------------------
COMBBLAS Warning: It is dangerous to create (matrix) objects without specifying the communicator, are you sure you want to create this object in MPI_COMM_WORLD?
COMBBLAS Warning: It is dangerous to create (matrix) objects without specifying the communicator, are you sure you want to create this object in MPI_COMM_WORLD?
Matrix is Float
Total number of nonzeros expected across all processors is 12
File is 157 bytes
File is 272 bytes
Parallel Matrix Market I/O working correctly
<end of output>
Test time =   0.13 sec
----------------------------------------------------------
Test Passed.
"ParIO_Test" end time: Feb 20 12:34 +03
"ParIO_Test" time elapsed: 00:00:00
----------------------------------------------------------

9/16 Testing: FindSparse_Test
9/16 Test: FindSparse_Test
Command: "/usr/bin/mpirun" "-np" "4" "./ReleaseTests/FindSparse" "TESTDATA" "findmatrix.txt"
Directory: /home/cheny0l/work/db245/CombBLAS_beta_16_1/build
"FindSparse_Test" start time: Feb 20 12:34 +03
Output:
----------------------------------------------------------
Find and Sparse working correctly
As a whole: 20 rows and 20 columns and 40 nonzeros
As a whole, Values: has length 114
As a whole, Row ids: has length 114
As a whole, Column ids: has length 114
As a whole: 21 rows and 21 columns and 114 nonzeros
<end of output>
Test time =   0.12 sec
----------------------------------------------------------
Test Passed.
"FindSparse_Test" end time: Feb 20 12:34 +03
"FindSparse_Test" time elapsed: 00:00:00
----------------------------------------------------------

10/16 Testing: BetwCent_Test
10/16 Test: BetwCent_Test
Command: "/usr/bin/mpirun" "-np" "4" "./Applications/betwcent" "TESTDATA/SCALE16BTW-TRANSBOOL/" "10" "96"
Directory: /home/cheny0l/work/db245/CombBLAS_beta_16_1/build
"BetwCent_Test" start time: Feb 20 12:34 +03
Output:
----------------------------------------------------------
Matrix is Float
Total number of nonzeros expected across all processors is 490563
File is 6706976 bytes
As a whole: 65536 rows and 65536 columns and 490563 nonzeros
Batch processing will occur 11 times, each processing 96 vertices (overall)
Candidates chosen, precomputation finished
Exploring via BFS...
Tallying...
Adding bc contributions...
Exploring via BFS...
Tallying...
Adding bc contributions...
Exploring via BFS...
Tallying...
Adding bc contributions...
Exploring via BFS...
Tallying...
Adding bc contributions...
Exploring via BFS...
Tallying...
Adding bc contributions...
Exploring via BFS...
Tallying...
Adding bc contributions...
Exploring via BFS...
Tallying...
Adding bc contributions...
Exploring via BFS...
Tallying...
Adding bc contributions...
Exploring via BFS...
Tallying...
Adding bc contributions...
Exploring via BFS...
Tallying...
Adding bc contributions...
Exploring via BFS...
Tallying...
Adding bc contributions...
Computation finished
34.790446 seconds elapsed for 1056 starting vertices
TEPS score is: 14890137.578561
<end of output>
Test time =  35.06 sec
----------------------------------------------------------
Test Passed.
"BetwCent_Test" end time: Feb 20 12:34 +03
"BetwCent_Test" time elapsed: 00:00:35
----------------------------------------------------------

11/16 Testing: TopDownBFS_Test
11/16 Test: TopDownBFS_Test
Command: "/usr/bin/mpirun" "-np" "4" "./Applications/tdbfs" "Force" "17" "FastGen"
Directory: /home/cheny0l/work/db245/CombBLAS_beta_16_1/build
"TopDownBFS_Test" start time: Feb 20 12:34 +03
Output:
----------------------------------------------------------
Forcing scale to : 17
Using fast vertex permutations; skipping edge permutations (like v2.1)
Generated renamed edge lists
Generation took 0.0654559 seconds
graph_generation:               0.064739 s
Warning: Using smaller indices for the matrix than DistEdgeList
Local matrices are 65536-by-65536
Created Sparse Matrix (with int32 local indices and values)
Calculated degrees in 0.00185299 seconds
Converted to Boolean and removed 213 loops
As a whole: 131072 rows and 131072 columns and 1864974 nonzeros
Reductions done
Intersection of colsums and rowsums found
Found (and permuted) non-isolated vertices
As a whole: 131072 rows and 131072 columns and 1864974 nonzeros
Dropped isolated vertices from input
As a whole: 90133 rows and 90133 columns and 1864974 nonzeros
Symmetricized
Optimization buffers set
Threading activated with 10 threads
0.426753 seconds elapsed for Kernel #1
Load balance: 1.01539
As a whole: 90133 rows and 90133 columns and 3729948 nonzeros
As a whole: 90133 rows and 90133 columns and 3729948 nonzeros
As a whole, Degrees array has length 90133
COMBBLAS Warning: It is dangerous to create (vector) objects without specifying the communicator, are you sure you want to create this object in MPI_COMM_WORLD?
0.417022 0.997185 0.720324 0.932557 0.000114381 0.128124 0.302333 0.999041 0.146756 0.236089 0.0923386 0.396581 0.18626 0.387911 0.345561 0.669746 
37587 89879 64925 84054 10 11548 27250 90046 13227 21279 8322 35745 16788 34963 31146 60366 
0th starting vertex was 37587
Number iterations: 6
Number of vertices found: 90075
Number of edges traversed: 2097123
BFS time: 0.170313 seconds
MTEPS: 12.3134
Total communication (average so far): 0
1th starting vertex was 89879
Number iterations: 6
Number of vertices found: 90075
Number of edges traversed: 2097123
BFS time: 0.158957 seconds
MTEPS: 13.193
Total communication (average so far): 0
2th starting vertex was 64925
Number iterations: 6
Number of vertices found: 90075
Number of edges traversed: 2097123
BFS time: 0.147798 seconds
MTEPS: 14.1891
Total communication (average so far): 0
3th starting vertex was 84054
Number iterations: 6
Number of vertices found: 90075
Number of edges traversed: 2097123
BFS time: 0.15966 seconds
MTEPS: 13.1349
Total communication (average so far): 0
4th starting vertex was 10
Number iterations: 6
Number of vertices found: 90075
Number of edges traversed: 2097123
BFS time: 0.151648 seconds
MTEPS: 13.8289
Total communication (average so far): 0
5th starting vertex was 11548
Number iterations: 7
Number of vertices found: 90075
Number of edges traversed: 2097123
BFS time: 0.179104 seconds
MTEPS: 11.709
Total communication (average so far): 0
6th starting vertex was 27250
Number iterations: 6
Number of vertices found: 90075
Number of edges traversed: 2097123
BFS time: 0.155524 seconds
MTEPS: 13.4843
Total communication (average so far): 0
7th starting vertex was 90046
Number iterations: 6
Number of vertices found: 90075
Number of edges traversed: 2097123
BFS time: 0.162009 seconds
MTEPS: 12.9445
Total communication (average so far): 0
8th starting vertex was 13227
Number iterations: 6
Number of vertices found: 90075
Number of edges traversed: 2097123
BFS time: 0.134748 seconds
MTEPS: 15.5633
Total communication (average so far): 0
9th starting vertex was 21279
Number iterations: 6
Number of vertices found: 90075
Number of edges traversed: 2097123
BFS time: 0.141152 seconds
MTEPS: 14.8572
Total communication (average so far): 0
10th starting vertex was 8322
Number iterations: 6
Number of vertices found: 90075
Number of edges traversed: 2097123
BFS time: 0.148937 seconds
MTEPS: 14.0806
Total communication (average so far): 0
11th starting vertex was 35745
Number iterations: 6
Number of vertices found: 90075
Number of edges traversed: 2097123
BFS time: 0.148704 seconds
MTEPS: 14.1027
Total communication (average so far): 0
12th starting vertex was 16788
Number iterations: 6
Number of vertices found: 90075
Number of edges traversed: 2097123
BFS time: 0.151022 seconds
MTEPS: 13.8862
Total communication (average so far): 0
13th starting vertex was 34963
Number iterations: 6
Number of vertices found: 90075
Number of edges traversed: 2097123
BFS time: 0.154725 seconds
MTEPS: 13.5539
Total communication (average so far): 0
14th starting vertex was 31146
Number iterations: 7
Number of vertices found: 90075
Number of edges traversed: 2097123
BFS time: 0.16886 seconds
MTEPS: 12.4193
Total communication (average so far): 0
15th starting vertex was 60366
Number iterations: 6
Number of vertices found: 90075
Number of edges traversed: 2097123
BFS time: 0.154489 seconds
MTEPS: 13.5746
Total communication (average so far): 0
Finished
Per iteration communication times: 
AllGatherv: 0
AlltoAllv: 0
Transvec: 0
Per iteration computation times: 
MergeCont: 0
LocalSpmv: 0
--------------------------
Min nedges: 2.09712e+06
First Quartile nedges: 2.09712e+06
Median nedges: 2.09712e+06
Third Quartile nedges: 2.09712e+06
Max nedges: 2.09712e+06
Mean nedges: 2.09712e+06
STDDEV nedges: 0
--------------------------
Min time: 0.134748 seconds
First Quartile time: 0.148821 seconds
Median time: 0.154607 seconds
Third Quartile time: 0.160834 seconds
Max time: 0.179104 seconds
Mean time: 0.155478 seconds
STDDEV time: 0.0111004 seconds
--------------------------
Min MTEPS: 11.709
First Quartile MTEPS: 13.0397
Median MTEPS: 13.5642
Third Quartile MTEPS: 14.0916
Max MTEPS: 15.5633
Harmonic mean of MTEPS: 13.4882
Harmonic standard deviation of MTEPS: 0.962996
<end of output>
Test time =   3.21 sec
----------------------------------------------------------
Test Passed.
"TopDownBFS_Test" end time: Feb 20 12:34 +03
"TopDownBFS_Test" time elapsed: 00:00:03
----------------------------------------------------------

12/16 Testing: DirOptBFS_Test
12/16 Test: DirOptBFS_Test
Command: "/usr/bin/mpirun" "-np" "4" "./Applications/dobfs" "17"
Directory: /home/cheny0l/work/db245/CombBLAS_beta_16_1/build
"DirOptBFS_Test" start time: Feb 20 12:34 +03
Output:
----------------------------------------------------------
COMBBLAS Warning: It is dangerous to create (matrix) objects without specifying the communicator, are you sure you want to create this object in MPI_COMM_WORLD?
COMBBLAS Warning: It is dangerous to create (matrix) objects without specifying the communicator, are you sure you want to create this object in MPI_COMM_WORLD?
COMBBLAS Warning: It is dangerous to create (matrix) objects without specifying the communicator, are you sure you want to create this object in MPI_COMM_WORLD?
Forcing scale to : 17
Using fast vertex permutations; skipping edge permutations (like v2.1)
graph_generation:               0.049017 s
Generated renamed edge lists
Generation took 0.0491321 seconds
Warning: Using smaller indices for the matrix than DistEdgeList
Local matrices are 65536-by-65536
Created Sparse Matrix (with int32 local indices and values)
Calculated degrees in 0.00211692 seconds
Converted to Boolean and removed 213 loops
As a whole: 131072 rows and 131072 columns and 1864974 nonzeros
Reductions done
Intersection of colsums and rowsums found
Found non-isolated vertices
As a whole: 131072 rows and 131072 columns and 1864974 nonzeros
Dropped isolated vertices from input
As a whole: 90133 rows and 90133 columns and 1864974 nonzeros
Converted to 32-bit integers
Symmetricized
Optimization buffers set
Generation took 0.0491321 seconds
Threading activated with 10 threads
0.509496 seconds elapsed for Kernel #1
Load balance: 1.01539
As a whole: 90133 rows and 90133 columns and 3729948 nonzeros
As a whole: 90133 rows and 90133 columns and 3729948 nonzeros
As a whole, Degrees array has length 90133
0.982048 0.330817 0.699284 0.0607193 0.0194015 0.794178 0.57059 0.245031 0.873026 0.317977 0.0491786 0.979907 0.875608 0.129842 0.862386 0.413525 0.361783 0.548102 0.665159 0.670179 0.654605 0.643731 0.663619 0.0460819 0.796801 0.067343 0.201118 0.178936 0.996204 0.54739 0.0149317 0.577831 0.0934394 0.702221 0.117062 0.00765376 0.142813 0.986832 0.666466 0.625108 0.21412 0.222159 0.298794 0.329842 0.91975 0.845635 0.341476 0.443175 0.8611 0.0348575 0.232313 0.609914 0.604632 0.0941811 0.828735 0.37962 0.91916 0.731879 0.133098 0.64359 0.429148 0.604913 0.941981 0.875231 
88514 29817 63028 5472 1748 71581 51428 22085 78688 28660 4432 88321 78921 11703 77729 37272 32608 49402 59952 60405 59001 58021 59813 4153 71818 6069 18127 16128 89790 49337 1345 52081 8421 63293 10551 689 12872 88946 60070 56342 19299 20023 26931 29729 82899 76219 30778 39944 77613 3141 20939 54973 54497 8488 74696 34216 82846 65966 11996 58008 38680 54522 84903 78887 
A BFS iteration is starting
param 90133 vertices with 3729948 edges
186497 up and 181 down
  s              0        0.00320
 0d              1        0.03399
  s           3574        0.00602
 1d           2788        0.03153
  s        1052813        0.00471
  c                       0.00003
 2u           2788        0.01769
 3u          72408        0.01580
 4u          14792        0.01716
  c                       0.00000
 5d              0        0.02345
  s              0        0.00468
0th starting vertex was 88514
Number iterations: 6
Number of vertices found: 90075
Number of edges traversed: 2097123
BFS time: 0.170773 seconds
MTEPS: 12.2802
Total communication (average so far): 0
A BFS iteration is starting
param 90133 vertices with 3729948 edges
186497 up and 181 down
  s              1        0.00471
 0d              3        0.02779
  s             62        0.00468
 1d            223        0.02337
  s         275575        0.00469
  c                       0.00002
 2u            223        0.02237
 3u          46975        0.01119
 4u          42343        0.01263
 5u            530        0.01421
  c                       0.00000
1th starting vertex was 29817
Number iterations: 6
Number of vertices found: 90075
Number of edges traversed: 2097123
BFS time: 0.145968 seconds
MTEPS: 14.367
Total communication (average so far): 0
A BFS iteration is starting
param 90133 vertices with 3729948 edges
186497 up and 181 down
  s              2        0.00471
 0d             14        0.02554
  s          42747        0.00315
 1d          17428        0.02050
  s        1783404        0.00475
  c                       0.00007
 2u          17428        0.01409
 3u          69519        0.01421
 4u           3095        0.01403
  c                       0.00000
 5d              0        0.02343
  s              0        0.00313
2th starting vertex was 63028
Number iterations: 6
Number of vertices found: 90075
Number of edges traversed: 2097123
BFS time: 0.142173 seconds
MTEPS: 14.7505
Total communication (average so far): 0
A BFS iteration is starting
param 90133 vertices with 3729948 edges
186497 up and 181 down
  s              4        0.00467
 0d              5        0.02185
  s           3308        0.00469
 1d           3796        0.02365
  s        1203874        0.00470
  c                       0.00004
 2u           3796        0.01971
 3u          74176        0.01572
 4u          12030        0.01577
  c                       0.00000
 5d              0        0.02711
  s              0        0.00316
3th starting vertex was 5472
Number iterations: 6
Number of vertices found: 90075
Number of edges traversed: 2097123
BFS time: 0.153642 seconds
MTEPS: 13.6494
Total communication (average so far): 0
A BFS iteration is starting
param 90133 vertices with 3729948 edges
186497 up and 181 down
  s              1        0.00428
 0d              1        0.02527
  s              3        0.00469
 1d             14        0.01875
  s          11137        0.00319
 2d           8601        0.02044
  s        1545689        0.00473
  c                       0.00005
 3u           8601        0.01752
 4u          74967        0.01421
 5u           6460        0.01261
  c                       0.00000
 6d              0        0.02343
  s              0        0.00315
4th starting vertex was 1748
Number iterations: 7
Number of vertices found: 90075
Number of edges traversed: 2097123
BFS time: 0.158607 seconds
MTEPS: 13.2221
Total communication (average so far): 0
A BFS iteration is starting
param 90133 vertices with 3729948 edges
186497 up and 181 down
  s              5        0.00315
 0d             18        0.02343
  s          19540        0.00315
 1d          11875        0.01899
  s        1673655        0.00462
  c                       0.00006
 2u          11875        0.01585
 3u          73467        0.01415
 4u           4692        0.01900
  c                       0.00000
 5d              0        0.02194
  s              0        0.00471
5th starting vertex was 71581
Number iterations: 6
Number of vertices found: 90075
Number of edges traversed: 2097123
BFS time: 0.147134 seconds
MTEPS: 14.2531
Total communication (average so far): 0
A BFS iteration is starting
param 90133 vertices with 3729948 edges
186497 up and 181 down
  s              3        0.00317
 0d             46        0.02819
  s          84274        0.00468
 1d          26081        0.02846
  s        1855540        0.00474
  c                       0.00009
 2u          26081        0.01690
 3u          62174        0.01266
 4u           1781        0.01888
  c                       0.00000
 5d              0        0.02493
  s              0        0.00801
6th starting vertex was 51428
Number iterations: 6
Number of vertices found: 90075
Number of edges traversed: 2097123
BFS time: 0.160468 seconds
MTEPS: 13.0688
Total communication (average so far): 0
A BFS iteration is starting
param 90133 vertices with 3729948 edges
186497 up and 181 down
  s             18        0.00424
 0d             37        0.01965
  s          41957        0.00319
 1d          20593        0.02053
  s        1845003        0.00321
  c                       0.00008
 2u          20593        0.01275
 3u          66953        0.01565
 4u           2484        0.01882
  c                       0.00000
 5d              0        0.02350
  s              0        0.00454
7th starting vertex was 22085
Number iterations: 6
Number of vertices found: 90075
Number of edges traversed: 2097123
BFS time: 0.132583 seconds
MTEPS: 15.8174
Total communication (average so far): 0
A BFS iteration is starting
param 90133 vertices with 3729948 edges
186497 up and 181 down
  s              0        0.00314
 0d             16        0.02033
  s          38161        0.00468
 1d          15995        0.02344
  s        1756252        0.00473
  c                       0.00007
 2u          15995        0.01589
 3u          70590        0.01261
 4u           3457        0.01557
  c                       0.00000
 5d              0        0.02343
  s              0        0.00465
8th starting vertex was 78688
Number iterations: 6
Number of vertices found: 90075
Number of edges traversed: 2097123
BFS time: 0.138392 seconds
MTEPS: 15.1535
Total communication (average so far): 0
A BFS iteration is starting
param 90133 vertices with 3729948 edges
186497 up and 181 down
  s              1        0.00469
 0d              1        0.02030
  s             32        0.00622
 1d            119        0.02327
  s         157350        0.00315
 2d          37124        0.02536
  s        1860060        0.00476
  c                       0.00012
 3u          37124        0.01435
 4u          51893        0.01420
 5u            933        0.01401
  c                       0.00000
 6d              0        0.02344
  s              0        0.00316
9th starting vertex was 28660
Number iterations: 7
Number of vertices found: 90075
Number of edges traversed: 2097123
BFS time: 0.176499 seconds
MTEPS: 11.8818
Total communication (average so far): 0
A BFS iteration is starting
param 90133 vertices with 3729948 edges
186497 up and 181 down
  s              2        0.00468
 0d             36        0.02302
  s          16324        0.00324
 1d          11387        0.02347
  s        1668774        0.00319
  c                       0.00006
 2u          11387        0.01282
 3u          73749        0.01266
 4u           4879        0.01415
  c                       0.00000
 5d              0        0.02188
  s              0        0.00624
10th starting vertex was 4432
Number iterations: 6
Number of vertices found: 90075
Number of edges traversed: 2097123
BFS time: 0.146943 seconds
MTEPS: 14.2717
Total communication (average so far): 0
A BFS iteration is starting
param 90133 vertices with 3729948 edges
186497 up and 181 down
  s             16        0.00328
 0d             36        0.02127
  s          46162        0.00624
 1d          21009        0.02218
  s        1841910        0.00450
  c                       0.00008
 2u          21009        0.01432
 3u          66632        0.01262
 4u           2390        0.01261
  c                       0.00000
 5d              0        0.02347
  s              0        0.00467
11th starting vertex was 88321
Number iterations: 6
Number of vertices found: 90075
Number of edges traversed: 2097123
BFS time: 0.139363 seconds
MTEPS: 15.0479
Total communication (average so far): 0
A BFS iteration is starting
param 90133 vertices with 3729948 edges
186497 up and 181 down
  s              0        0.00314
 0d              3        0.02658
  s           3521        0.00404
 1d           3563        0.02523
  s        1167840        0.00468
  c                       0.00004
 2u           3563        0.01932
 3u          73981        0.01866
 4u          12460        0.01579
  c                       0.00000
 5d              0        0.02563
  s              0        0.00472
12th starting vertex was 78921
Number iterations: 6
Number of vertices found: 90075
Number of edges traversed: 2097123
BFS time: 0.154255 seconds
MTEPS: 13.5952
Total communication (average so far): 0
A BFS iteration is starting
param 90133 vertices with 3729948 edges
186497 up and 181 down
  s              0        0.00470
 0d              1        0.01875
  s            801        0.00313
 1d           1099        0.02023
  s         648456        0.00316
  c                       0.00003
 2u           1099        0.01653
 3u          63561        0.01273
 4u          25215        0.01419
 5u            198        0.01263
  c                       0.00000
13th starting vertex was 11703
Number iterations: 6
Number of vertices found: 90075
Number of edges traversed: 2097123
BFS time: 0.119667 seconds
MTEPS: 17.5246
Total communication (average so far): 0
A BFS iteration is starting
param 90133 vertices with 3729948 edges
186497 up and 181 down
  s              1        0.00370
 0d              1        0.02190
  s            178        0.00469
 1d           1071        0.02178
  s         673564        0.00312
  c                       0.00003
 2u           1071        0.01443
 3u          64567        0.01272
 4u          24248        0.01425
 5u            187        0.01263
  c                       0.00000
14th starting vertex was 77729
Number iterations: 6
Number of vertices found: 90075
Number of edges traversed: 2097123
BFS time: 0.117174 seconds
MTEPS: 17.8975
Total communication (average so far): 0
A BFS iteration is starting
param 90133 vertices with 3729948 edges
186497 up and 181 down
  s              0        0.00316
 0d              1        0.02031
  s           3860        0.00315
 1d           2863        0.01726
  s        1084641        0.00471
  c                       0.00003
 2u           2863        0.01345
 3u          72976        0.01270
 4u          14150        0.01263
  c                       0.00000
 5d              0        0.02499
  s              0        0.00621
15th starting vertex was 37272
Number iterations: 6
Number of vertices found: 90075
Number of edges traversed: 2097123
BFS time: 0.126574 seconds
MTEPS: 16.5684
Total communication (average so far): 0
A BFS iteration is starting
param 90133 vertices with 3729948 edges
186497 up and 181 down
  s              0        0.00316
 0d              3        0.02814
  s           2347        0.00313
 1d           3211        0.02647
  s        1122886        0.00317
  c                       0.00004
 2u           3211        0.01443
 3u          73128        0.01892
 4u          13652        0.01561
  c                       0.00000
 5d              0        0.02671
  s              0        0.00314
16th starting vertex was 32608
Number iterations: 6
Number of vertices found: 90075
Number of edges traversed: 2097123
BFS time: 0.146228 seconds
MTEPS: 14.3415
Total communication (average so far): 0
A BFS iteration is starting
param 90133 vertices with 3729948 edges
186497 up and 181 down
  s             22        0.00469
 0d            117        0.02485
  s         140958        0.00394
 1d          34148        0.02243
  s        1860867        0.00475
  c                       0.00011
 2u          34148        0.01124
 3u          54738        0.01755
 4u           1068        0.01855
  c                       0.00000
 5d              0        0.02034
  s              0        0.00466
17th starting vertex was 49402
Number iterations: 6
Number of vertices found: 90075
Number of edges traversed: 2097123
BFS time: 0.140304 seconds
MTEPS: 14.947
Total communication (average so far): 0
A BFS iteration is starting
param 90133 vertices with 3729948 edges
186497 up and 181 down
  s              0        0.00316
 0d              1        0.02134
  s            462        0.00471
 1d           1074        0.01731
  s         673381        0.00469
  c                       0.00003
 2u           1074        0.01134
 3u          64463        0.01412
 4u          24358        0.01263
  c                       0.00000
 5d              0        0.01880
  s              0        0.00465
18th starting vertex was 59952
Number iterations: 6
Number of vertices found: 90075
Number of edges traversed: 2097123
BFS time: 0.126948 seconds
MTEPS: 16.5195
Total communication (average so far): 0
A BFS iteration is starting
param 90133 vertices with 3729948 edges
186497 up and 181 down
  s              4        0.00317
 0d             15        0.02195
  s          41827        0.00312
 1d          16589        0.02204
  s        1767655        0.00627
  c                       0.00007
 2u          16589        0.01596
 3u          70170        0.01578
 4u           3290        0.01261
  c                       0.00000
 5d              0        0.02187
  s              0        0.00460
19th starting vertex was 60405
Number iterations: 6
Number of vertices found: 90075
Number of edges traversed: 2097123
BFS time: 0.135551 seconds
MTEPS: 15.4711
Total communication (average so far): 0
A BFS iteration is starting
param 90133 vertices with 3729948 edges
186497 up and 181 down
  s              3        0.00471
 0d             14        0.02053
  s          19069        0.00468
 1d          10967        0.02052
  s        1635449        0.00470
  c                       0.00006
 2u          10967        0.01281
 3u          73860        0.01419
 4u           5210        0.01306
  c                       0.00000
 5d              0        0.02188
  s              0        0.00471
20th starting vertex was 59001
Number iterations: 6
Number of vertices found: 90075
Number of edges traversed: 2097123
BFS time: 0.144637 seconds
MTEPS: 14.4992
Total communication (average so far): 0
A BFS iteration is starting
param 90133 vertices with 3729948 edges
186497 up and 181 down
  s             85        0.00473
 0d            111        0.02037
  s         155593        0.00444
 1d          38022        0.02042
  s        1866115        0.00321
  c                       0.00012
 2u          38022        0.01587
 3u          51057        0.01298
 4u            882        0.01418
  c                       0.00000
 5d              0        0.02507
  s              0        0.00312
21th starting vertex was 58021
Number iterations: 6
Number of vertices found: 90075
Number of edges traversed: 2097123
BFS time: 0.141056 seconds
MTEPS: 14.8673
Total communication (average so far): 0
A BFS iteration is starting
param 90133 vertices with 3729948 edges
186497 up and 181 down
  s              0        0.00313
 0d              1        0.01877
  s             80        0.00467
 1d            139        0.02348
  s         121267        0.00470
 2d          34670        0.02930
  s        1884187        0.00480
  c                       0.00011
 3u          34670        0.01589
 4u          54177        0.01420
 5u           1084        0.01260
  c                       0.00000
 6d              0        0.02033
  s              0        0.00312
22th starting vertex was 59813
Number iterations: 7
Number of vertices found: 90075
Number of edges traversed: 2097123
BFS time: 0.163049 seconds
MTEPS: 12.8619
Total communication (average so far): 0
A BFS iteration is starting
param 90133 vertices with 3729948 edges
186497 up and 181 down
  s              2        0.00472
 0d             38        0.01874
  s          81535        0.00633
 1d          26013        0.02142
  s        1859363        0.00629
  c                       0.00009
 2u          26013        0.01278
 3u          62221        0.01810
 4u           1795        0.01498
  c                       0.00000
 5d              0        0.02340
  s              0        0.00499
23th starting vertex was 4153
Number iterations: 6
Number of vertices found: 90075
Number of edges traversed: 2097123
BFS time: 0.136553 seconds
MTEPS: 15.3576
Total communication (average so far): 0
A BFS iteration is starting
param 90133 vertices with 3729948 edges
186497 up and 181 down
  s              0        0.00784
 0d              2        0.02348
  s          40450        0.00312
 1d          15998        0.02353
  s        1755079        0.00471
  c                       0.00007
 2u          15998        0.01272
 3u          70614        0.01326
 4u           3448        0.01868
  c                       0.00000
 5d              0        0.02248
  s              0        0.00316
24th starting vertex was 71818
Number iterations: 6
Number of vertices found: 90075
Number of edges traversed: 2097123
BFS time: 0.14274 seconds
MTEPS: 14.6919
Total communication (average so far): 0
A BFS iteration is starting
param 90133 vertices with 3729948 edges
186497 up and 181 down
  s              0        0.00420
 0d              7        0.02344
  s          25726        0.00313
 1d          13229        0.02222
  s        1704382        0.00472
  c                       0.00006
 2u          13229        0.01434
 3u          72483        0.01418
 4u           4337        0.01545
  c                       0.00000
 5d              0        0.02375
  s              0        0.00467
25th starting vertex was 6069
Number iterations: 6
Number of vertices found: 90075
Number of edges traversed: 2097123
BFS time: 0.142195 seconds
MTEPS: 14.7482
Total communication (average so far): 0
A BFS iteration is starting
param 90133 vertices with 3729948 edges
186497 up and 181 down
  s              1        0.00423
 0d              2        0.02233
  s              6        0.00469
 1d            456        0.02199
  s         383331        0.00468
  c                       0.00003
 2u            456        0.01598
 3u          52905        0.01583
 4u          36330        0.01267
 5u            381        0.01865
  c                       0.00000
26th starting vertex was 18127
Number iterations: 6
Number of vertices found: 90075
Number of edges traversed: 2097123
BFS time: 0.127467 seconds
MTEPS: 16.4523
Total communication (average so far): 0
A BFS iteration is starting
param 90133 vertices with 3729948 edges
186497 up and 181 down
  s             12        0.00314
 0d             38        0.02186
  s          71905        0.00314
 1d          26312        0.02218
  s        1874626        0.00447
  c                       0.00009
 2u          26312        0.01417
 3u          62009        0.01417
 4u           1709        0.01266
  c                       0.00000
 5d              0        0.01880
  s              0        0.00322
27th starting vertex was 16128
Number iterations: 6
Number of vertices found: 90075
Number of edges traversed: 2097123
BFS time: 0.121248 seconds
MTEPS: 17.2961
Total communication (average so far): 0
A BFS iteration is starting
param 90133 vertices with 3729948 edges
186497 up and 181 down
  s              0        0.00566
 0d              2        0.02197
  s           3040        0.00312
 1d           3041        0.02929
  s        1089854        0.00316
  c                       0.00003
 2u           3041        0.01289
 3u          72934        0.01578
 4u          14014        0.01686
  c                       0.00000
 5d              0        0.02195
  s              0        0.00625
28th starting vertex was 89790
Number iterations: 6
Number of vertices found: 90075
Number of edges traversed: 2097123
BFS time: 0.141784 seconds
MTEPS: 14.791
Total communication (average so far): 0
A BFS iteration is starting
param 90133 vertices with 3729948 edges
186497 up and 181 down
  s              0        0.00317
 0d              1        0.02028
  s             72        0.00384
 1d            355        0.02339
  s         292729        0.00470
  c                       0.00002
 2u            355        0.01285
 3u          47865        0.01528
 4u          41336        0.02000
 5u            516        0.01733
  c                       0.00000
 6d              0        0.02036
  s              0        0.00314
29th starting vertex was 49337
Number iterations: 7
Number of vertices found: 90075
Number of edges traversed: 2097123
BFS time: 0.149245 seconds
MTEPS: 14.0515
Total communication (average so far): 0
A BFS iteration is starting
param 90133 vertices with 3729948 edges
186497 up and 181 down
  s              0        0.00315
 0d              1        0.02030
  s           8162        0.00469
 1d           7053        0.02033
  s        1474229        0.00315
  c                       0.00005
 2u           7053        0.01441
 3u          75429        0.01560
 4u           7550        0.01558
  c                       0.00001
 5d              0        0.02196
  s              0        0.00537
30th starting vertex was 1345
Number iterations: 6
Number of vertices found: 90075
Number of edges traversed: 2097123
BFS time: 0.140158 seconds
MTEPS: 14.9626
Total communication (average so far): 0
A BFS iteration is starting
param 90133 vertices with 3729948 edges
186497 up and 181 down
  s              0        0.00468
 0d              2        0.01879
  s           1270        0.00468
 1d           1896        0.02034
  s         901137        0.00314
  c                       0.00003
 2u           1896        0.01443
 3u          69820        0.01876
 4u          18239        0.01264
  c                       0.00000
 5d              0        0.02500
  s              0        0.00317
31th starting vertex was 52081
Number iterations: 6
Number of vertices found: 90075
Number of edges traversed: 2097123
BFS time: 0.135403 seconds
MTEPS: 15.488
Total communication (average so far): 0
A BFS iteration is starting
param 90133 vertices with 3729948 edges
186497 up and 181 down
  s              6        0.00468
 0d              7        0.02762
  s            938        0.00469
 1d           2440        0.01883
  s        1039055        0.00316
  c                       0.00003
 2u           2440        0.01606
 3u          72219        0.01564
 4u          15314        0.01260
  c                       0.00000
 5d              0        0.02032
  s              0        0.00312
32th starting vertex was 8421
Number iterations: 6
Number of vertices found: 90075
Number of edges traversed: 2097123
BFS time: 0.134192 seconds
MTEPS: 15.6278
Total communication (average so far): 0
A BFS iteration is starting
param 90133 vertices with 3729948 edges
186497 up and 181 down
  s              2        0.00470
 0d              4        0.02187
  s           4801        0.00313
 1d           5280        0.01884
  s        1348052        0.00314
  c                       0.00004
 2u           5280        0.01282
 3u          75114        0.01264
 4u           9620        0.01409
  c                       0.00000
 5d              0        0.02813
  s              0        0.00472
33th starting vertex was 63293
Number iterations: 6
Number of vertices found: 90075
Number of edges traversed: 2097123
BFS time: 0.132107 seconds
MTEPS: 15.8744
Total communication (average so far): 0
A BFS iteration is starting
param 90133 vertices with 3729948 edges
186497 up and 181 down
  s              0        0.00316
 0d              5        0.02184
  s           6105        0.00469
 1d           5225        0.02245
  s        1344115        0.00313
  c                       0.00004
 2u           5225        0.01287
 3u          75443        0.01576
 4u           9349        0.01574
  c                       0.00000
 5d              0        0.02500
  s              0        0.00466
34th starting vertex was 10551
Number iterations: 6
Number of vertices found: 90075
Number of edges traversed: 2097123
BFS time: 0.132952 seconds
MTEPS: 15.7735
Total communication (average so far): 0
A BFS iteration is starting
param 90133 vertices with 3729948 edges
186497 up and 181 down
  s              0        0.00471
 0d              1        0.02030
  s            961        0.00314
 1d           1040        0.02030
  s         624225        0.00556
  c                       0.00003
 2u           1040        0.01291
 3u          63145        0.01414
 4u          25697        0.01735
 5u            191        0.01623
  c                       0.00000
35th starting vertex was 689
Number iterations: 6
Number of vertices found: 90075
Number of edges traversed: 2097123
BFS time: 0.128475 seconds
MTEPS: 16.3232
Total communication (average so far): 0
A BFS iteration is starting
param 90133 vertices with 3729948 edges
186497 up and 181 down
  s              3        0.00624
 0d             44        0.02185
  s          76479        0.00313
 1d          25258        0.02691
  s        1858946        0.00475
  c                       0.00009
 2u          25258        0.01249
 3u          62973        0.01689
 4u           1794        0.01482
  c                       0.00000
 5d              0        0.02190
  s              0        0.00468
36th starting vertex was 12872
Number iterations: 6
Number of vertices found: 90075
Number of edges traversed: 2097123
BFS time: 0.15146 seconds
MTEPS: 13.846
Total communication (average so far): 0
A BFS iteration is starting
param 90133 vertices with 3729948 edges
186497 up and 181 down
  s              0        0.00466
 0d              1        0.01726
  s            263        0.00470
 1d            371        0.02349
  s         261920        0.00469
  c                       0.00002
 2u            371        0.01635
 3u          47947        0.01889
 4u          41249        0.01781
 5u            506        0.01575
  c                       0.00000
37th starting vertex was 88946
Number iterations: 6
Number of vertices found: 90075
Number of edges traversed: 2097123
BFS time: 0.136099 seconds
MTEPS: 15.4088
Total communication (average so far): 0
A BFS iteration is starting
param 90133 vertices with 3729948 edges
186497 up and 181 down
  s              1        0.00467
 0d              6        0.02335
  s           2107        0.00624
 1d           2573        0.02267
  s        1025148        0.00470
  c                       0.00003
 2u           2573        0.01818
 3u          72033        0.01424
 4u          15370        0.01560
  c                       0.00000
 5d              0        0.02655
  s              0        0.00622
38th starting vertex was 60070
Number iterations: 6
Number of vertices found: 90075
Number of edges traversed: 2097123
BFS time: 0.150462 seconds
MTEPS: 13.9379
Total communication (average so far): 0
A BFS iteration is starting
param 90133 vertices with 3729948 edges
186497 up and 181 down
  s              0        0.00470
 0d              3        0.02657
  s           3330        0.00366
 1d           3161        0.01727
  s        1121626        0.00313
  c                       0.00003
 2u           3161        0.01283
 3u          73414        0.01279
 4u          13420        0.01577
  c                       0.00000
 5d              0        0.02496
  s              0        0.00467
39th starting vertex was 56342
Number iterations: 6
Number of vertices found: 90075
Number of edges traversed: 2097123
BFS time: 0.136935 seconds
MTEPS: 15.3147
Total communication (average so far): 0
A BFS iteration is starting
param 90133 vertices with 3729948 edges
186497 up and 181 down
  s              0        0.00468
 0d              1        0.02188
  s             72        0.00316
 1d            356        0.01960
  s         330033        0.00469
  c                       0.00002
 2u            356        0.01443
 3u          50992        0.01440
 4u          38314        0.01247
 5u            411        0.01729
  c                       0.00000
40th starting vertex was 19299
Number iterations: 6
Number of vertices found: 90075
Number of edges traversed: 2097123
BFS time: 0.125184 seconds
MTEPS: 16.7523
Total communication (average so far): 0
A BFS iteration is starting
param 90133 vertices with 3729948 edges
186497 up and 181 down
  s              3        0.00386
 0d              3        0.02339
  s           2772        0.00468
 1d           7663        0.02191
  s        1521366        0.00314
  c                       0.00005
 2u           7663        0.01414
 3u          75175        0.01561
 4u           7195        0.01271
  c                       0.00000
 5d              0        0.02356
  s              0        0.00467
41th starting vertex was 20023
Number iterations: 6
Number of vertices found: 90075
Number of edges traversed: 2097123
BFS time: 0.140094 seconds
MTEPS: 14.9694
Total communication (average so far): 0
A BFS iteration is starting
param 90133 vertices with 3729948 edges
186497 up and 181 down
  s              2        0.00468
 0d              3        0.02031
  s           2987        0.00469
 1d           3116        0.02816
  s        1111763        0.00314
  c                       0.00004
 2u           3116        0.01439
 3u          73252        0.01420
 4u          13631        0.01415
  c                       0.00000
 5d              0        0.02186
  s              0        0.00623
42th starting vertex was 26931
Number iterations: 6
Number of vertices found: 90075
Number of edges traversed: 2097123
BFS time: 0.141376 seconds
MTEPS: 14.8337
Total communication (average so far): 0
A BFS iteration is starting
param 90133 vertices with 3729948 edges
186497 up and 181 down
  s             26        0.00313
 0d             48        0.02393
  s          74374        0.00314
 1d          25415        0.02288
  s        1863006        0.00731
  c                       0.00009
 2u          25415        0.01287
 3u          62789        0.01422
 4u           1826        0.01408
  c                       0.00000
 5d              0        0.02454
  s              0        0.00468
43th starting vertex was 29729
Number iterations: 6
Number of vertices found: 90075
Number of edges traversed: 2097123
BFS time: 0.142408 seconds
MTEPS: 14.7262
Total communication (average so far): 0
A BFS iteration is starting
param 90133 vertices with 3729948 edges
186497 up and 181 down
  s              1        0.00468
 0d             12        0.02503
  s          34323        0.00624
 1d          15949        0.02721
  s        1763082        0.00471
  c                       0.00007
 2u          15949        0.01754
 3u          70643        0.01510
 4u           3454        0.01668
  c                       0.00000
 5d              0        0.02192
  s              0        0.00593
44th starting vertex was 82899
Number iterations: 6
Number of vertices found: 90075
Number of edges traversed: 2097123
BFS time: 0.161602 seconds
MTEPS: 12.9771
Total communication (average so far): 0
A BFS iteration is starting
param 90133 vertices with 3729948 edges
186497 up and 181 down
  s              4        0.00469
 0d             14        0.02196
  s          45730        0.00311
 1d          17626        0.02347
  s        1779860        0.00471
  c                       0.00007
 2u          17626        0.01470
 3u          69323        0.01418
 4u           3102        0.01264
  c                       0.00000
 5d              0        0.02295
  s              0        0.00314
45th starting vertex was 76219
Number iterations: 6
Number of vertices found: 90075
Number of edges traversed: 2097123
BFS time: 0.135227 seconds
MTEPS: 15.5082
Total communication (average so far): 0
A BFS iteration is starting
param 90133 vertices with 3729948 edges
186497 up and 181 down
  s              0        0.00315
 0d              2        0.02200
  s           4358        0.00313
 1d           3595        0.02337
  s        1168096        0.00465
  c                       0.00004
 2u           3595        0.01765
 3u          74058        0.01367
 4u          12352        0.01180
  c                       0.00000
 5d              0        0.02194
  s              0        0.00620
46th starting vertex was 30778
Number iterations: 6
Number of vertices found: 90075
Number of edges traversed: 2097123
BFS time: 0.155892 seconds
MTEPS: 13.4524
Total communication (average so far): 0
A BFS iteration is starting
param 90133 vertices with 3729948 edges
186497 up and 181 down
  s              0        0.00471
 0d              1        0.02035
  s             75        0.00313
 1d            398        0.02507
  s         397115        0.00467
  c                       0.00002
 2u            398        0.01409
 3u          53694        0.01277
 4u          35616        0.01266
 5u            365        0.01260
  c                       0.00000
47th starting vertex was 39944
Number iterations: 6
Number of vertices found: 90075
Number of edges traversed: 2097123
BFS time: 0.116568 seconds
MTEPS: 17.9905
Total communication (average so far): 0
A BFS iteration is starting
param 90133 vertices with 3729948 edges
186497 up and 181 down
  s              7        0.00316
 0d             13        0.02195
  s          49359        0.00467
 1d          20314        0.02058
  s        1828753        0.00472
  c                       0.00008
 2u          20314        0.01445
 3u          67225        0.01497
 4u           2516        0.01265
  c                       0.00000
 5d              0        0.02497
  s              0        0.00314
48th starting vertex was 77613
Number iterations: 6
Number of vertices found: 90075
Number of edges traversed: 2097123
BFS time: 0.130889 seconds
MTEPS: 16.0222
Total communication (average so far): 0
A BFS iteration is starting
param 90133 vertices with 3729948 edges
186497 up and 181 down
  s              0        0.00315
 0d              3        0.01871
  s           5732        0.00319
 1d           5049        0.02039
  s        1313526        0.00469
  c                       0.00004
 2u           5049        0.01284
 3u          74979        0.01267
 4u           9994        0.01572
  c                       0.00000
 5d              0        0.02657
  s              0        0.00468
49th starting vertex was 3141
Number iterations: 6
Number of vertices found: 90075
Number of edges traversed: 2097123
BFS time: 0.125927 seconds
MTEPS: 16.6535
Total communication (average so far): 0
A BFS iteration is starting
param 90133 vertices with 3729948 edges
186497 up and 181 down
  s              1        0.00317
 0d              6        0.02030
  s           8272        0.00621
 1d           8058        0.02200
  s        1530455        0.00470
  c                       0.00005
 2u           8058        0.01279
 3u          75197        0.01735
 4u           6786        0.01555
  c                       0.00000
 5d              0        0.02458
  s              0        0.00312
50th starting vertex was 20939
Number iterations: 6
Number of vertices found: 90075
Number of edges traversed: 2097123
BFS time: 0.141209 seconds
MTEPS: 14.8512
Total communication (average so far): 0
A BFS iteration is starting
param 90133 vertices with 3729948 edges
186497 up and 181 down
  s              0        0.00399
 0d              1        0.01878
  s          39278        0.00316
 1d          15698        0.01927
  s        1749582        0.00335
  c                       0.00007
 2u          15698        0.01286
 3u          70823        0.01263
 4u           3540        0.01259
  c                       0.00000
 5d              0        0.02499
  s              0        0.00469
51th starting vertex was 54973
Number iterations: 6
Number of vertices found: 90075
Number of edges traversed: 2097123
BFS time: 0.125846 seconds
MTEPS: 16.6642
Total communication (average so far): 0
A BFS iteration is starting
param 90133 vertices with 3729948 edges
186497 up and 181 down
  s              2        0.00623
 0d            111        0.02666
  s         143937        0.00315
 1d          35437        0.02135
  s        1863931        0.00325
  c                       0.00011
 2u          35437        0.01588
 3u          53486        0.01839
 4u           1037        0.01572
  c                       0.00000
 5d              0        0.02189
  s              0        0.00312
52th starting vertex was 54497
Number iterations: 6
Number of vertices found: 90075
Number of edges traversed: 2097123
BFS time: 0.142892 seconds
MTEPS: 14.6763
Total communication (average so far): 0
A BFS iteration is starting
param 90133 vertices with 3729948 edges
186497 up and 181 down
  s              0        0.00467
 0d              4        0.02183
  s           1419        0.00465
 1d           1788        0.01878
  s         861225        0.00313
  c                       0.00003
 2u           1788        0.01563
 3u          69307        0.01265
 4u          18865        0.01265
  c                       0.00000
 5d              0        0.02342
  s              0        0.00623
53th starting vertex was 8488
Number iterations: 6
Number of vertices found: 90075
Number of edges traversed: 2097123
BFS time: 0.131203 seconds
MTEPS: 15.9838
Total communication (average so far): 0
A BFS iteration is starting
param 90133 vertices with 3729948 edges
186497 up and 181 down
  s              0        0.00467
 0d              1        0.02031
  s             12        0.00313
 1d             17        0.02188
  s          49259        0.00313
 2d          18958        0.02682
  s        1803966        0.00471
  c                       0.00008
 3u          18958        0.01805
 4u          68246        0.01578
 5u           2841        0.01261
  c                       0.00000
 6d              0        0.02795
  s              0        0.00474
54th starting vertex was 74696
Number iterations: 7
Number of vertices found: 90075
Number of edges traversed: 2097123
BFS time: 0.174756 seconds
MTEPS: 12.0003
Total communication (average so far): 0
A BFS iteration is starting
param 90133 vertices with 3729948 edges
186497 up and 181 down
  s              0        0.00469
 0d              4        0.02346
  s           2238        0.00314
 1d           4301        0.02345
  s        1263657        0.00315
  c                       0.00004
 2u           4301        0.01431
 3u          74676        0.01265
 4u          11038        0.01261
  c                       0.00000
 5d              0        0.02499
  s              0        0.00312
55th starting vertex was 34216
Number iterations: 6
Number of vertices found: 90075
Number of edges traversed: 2097123
BFS time: 0.142463 seconds
MTEPS: 14.7205
Total communication (average so far): 0
A BFS iteration is starting
param 90133 vertices with 3729948 edges
186497 up and 181 down
  s              0        0.00468
 0d              2        0.02192
  s            210        0.00513
 1d            472        0.01879
  s         371690        0.00471
  c                       0.00002
 2u            472        0.01286
 3u          52782        0.01276
 4u          36440        0.01415
 5u            377        0.01424
  c                       0.00000
 6d              0        0.02654
  s              0        0.00623
56th starting vertex was 82846
Number iterations: 7
Number of vertices found: 90075
Number of edges traversed: 2097123
BFS time: 0.145372 seconds
MTEPS: 14.4259
Total communication (average so far): 0
A BFS iteration is starting
param 90133 vertices with 3729948 edges
186497 up and 181 down
  s              0        0.00473
 0d              1        0.02311
  s             18        0.00322
 1d             39        0.02481
  s         110113        0.00315
 2d          30369        0.02228
  s        1865870        0.00474
  c                       0.00010
 3u          30369        0.01445
 4u          58285        0.01405
 5u           1373        0.01488
  c                       0.00000
 6d              0        0.02343
  s              0        0.00315
57th starting vertex was 65966
Number iterations: 7
Number of vertices found: 90075
Number of edges traversed: 2097123
BFS time: 0.173132 seconds
MTEPS: 12.1129
Total communication (average so far): 0
A BFS iteration is starting
param 90133 vertices with 3729948 edges
186497 up and 181 down
  s             20        0.00316
 0d             37        0.01874
  s          32958        0.00470
 1d          16170        0.02192
  s        1773651        0.00471
  c                       0.00007
 2u          16170        0.01738
 3u          70501        0.01730
 4u           3356        0.01262
  c                       0.00000
 5d              0        0.02184
  s              0        0.00316
58th starting vertex was 11996
Number iterations: 6
Number of vertices found: 90075
Number of edges traversed: 2097123
BFS time: 0.139521 seconds
MTEPS: 15.0309
Total communication (average so far): 0
A BFS iteration is starting
param 90133 vertices with 3729948 edges
186497 up and 181 down
  s             40        0.00467
 0d             47        0.01721
  s          40570        0.00312
 1d          19719        0.02213
  s        1827610        0.00462
  c                       0.00008
 2u          19719        0.01745
 3u          67693        0.01583
 4u           2601        0.01260
  c                       0.00000
 5d              0        0.02949
  s              0        0.00465
59th starting vertex was 58008
Number iterations: 6
Number of vertices found: 90075
Number of edges traversed: 2097123
BFS time: 0.144311 seconds
MTEPS: 14.532
Total communication (average so far): 0
A BFS iteration is starting
param 90133 vertices with 3729948 edges
186497 up and 181 down
  s              1        0.00315
 0d              6        0.02185
  s           3127        0.00468
 1d           3344        0.02298
  s        1151213        0.00468
  c                       0.00003
 2u           3344        0.01443
 3u          73764        0.02044
 4u          12890        0.01152
  c                       0.00000
 5d              0        0.02348
  s              0        0.00316
60th starting vertex was 38680
Number iterations: 6
Number of vertices found: 90075
Number of edges traversed: 2097123
BFS time: 0.134825 seconds
MTEPS: 15.5544
Total communication (average so far): 0
A BFS iteration is starting
param 90133 vertices with 3729948 edges
186497 up and 181 down
  s              0        0.00554
 0d              1        0.02335
  s             72        0.00465
 1d            125        0.01877
  s         196979        0.00628
  c                       0.00002
 2u            125        0.01928
 3u          40663        0.01273
 4u          48518        0.01570
 5u            765        0.01259
  c                       0.00000
 6d              0        0.02344
  s              0        0.00467
61th starting vertex was 54522
Number iterations: 7
Number of vertices found: 90075
Number of edges traversed: 2097123
BFS time: 0.16486 seconds
MTEPS: 12.7206
Total communication (average so far): 0
A BFS iteration is starting
param 90133 vertices with 3729948 edges
186497 up and 181 down
  s              0        0.00466
 0d              1        0.02187
  s             43        0.00451
 1d            122        0.01721
  s         176865        0.00469
 2d          37506        0.02087
  s        1839702        0.00476
  c                       0.00012
 3u          37506        0.01741
 4u          51504        0.01734
 5u            939        0.01262
  c                       0.00000
 6d              0        0.02030
  s              0        0.00311
62th starting vertex was 84903
Number iterations: 7
Number of vertices found: 90075
Number of edges traversed: 2097123
BFS time: 0.166918 seconds
MTEPS: 12.5638
Total communication (average so far): 0
A BFS iteration is starting
param 90133 vertices with 3729948 edges
186497 up and 181 down
  s              0        0.00472
 0d              4        0.01728
  s           4370        0.00618
 1d           5261        0.01976
  s        1341693        0.00468
  c                       0.00004
 2u           5261        0.01752
 3u          75135        0.01575
 4u           9634        0.01415
  c                       0.00000
 5d              0        0.02654
  s              0        0.00467
63th starting vertex was 78887
Number iterations: 6
Number of vertices found: 90075
Number of edges traversed: 2097123
BFS time: 0.139273 seconds
MTEPS: 15.0576
Total communication (average so far): 0
Finished
--------------------------
Min nedges: 2.09712e+06
First Quartile nedges: 2.09712e+06
Median nedges: 2.09712e+06
Third Quartile nedges: 2.09712e+06
Max nedges: 2.09712e+06
Mean nedges: 2.09712e+06
STDDEV nedges: 0
--------------------------
Min time: 0.116568 seconds
First Quartile time: 0.133572 seconds
Median time: 0.141133 seconds
Third Quartile time: 0.14819 seconds
Max time: 0.176499 seconds
Mean time: 0.142331 seconds
STDDEV time: 0.0139065 seconds
--------------------------
Min MTEPS: 11.8818
First Quartile MTEPS: 14.1523
Median MTEPS: 14.8592
Third Quartile MTEPS: 15.7007
Max MTEPS: 17.9905
Harmonic mean of MTEPS: 14.7341
Harmonic standard deviation of MTEPS: 1.4396
<end of output>
Test time =  10.16 sec
----------------------------------------------------------
Test Passed.
"DirOptBFS_Test" end time: Feb 20 12:34 +03
"DirOptBFS_Test" time elapsed: 00:00:10
----------------------------------------------------------

13/16 Testing: FBFS_Test
13/16 Test: FBFS_Test
Command: "/usr/bin/mpirun" "-np" "4" "./Applications/fbfs" "Gen" "16"
Directory: /home/cheny0l/work/db245/CombBLAS_beta_16_1/build
"FBFS_Test" start time: Feb 20 12:34 +03
Output:
----------------------------------------------------------
Using synthetic data, which we ALWAYS permute for load balance
We only balance the original input, we don't repermute after each filter change
BFS is run on UNDIRECTED graph, hence hitting CCs, and TEPS is bidirectional
Forcing scale to : 16
graph_generation:               0.023610 s
Generated renamed edge lists
Converted to Boolean and removed 149 loops
As a whole: 65536 rows and 65536 columns and 909896 nonzeros
I/O (or generation) took 0.0968051 seconds
As a whole: 65536 rows and 65536 columns and 909896 nonzeros
All degrees calculated
Load balance: 1.00815
Symmetricized
As a whole: 65536 rows and 65536 columns and 1819792 nonzeros
Found (and permuted) non-isolated vertices
Dropped isolated vertices from input
As a whole: 46722 rows and 46722 columns and 18521 nonzeros
Load balance of 1% filtered case: 1.03601
As a whole: 46722 rows and 46722 columns and 182360 nonzeros
Load balance of 10% filtered case: 1.00978
As a whole: 46722 rows and 46722 columns and 454218 nonzeros
Load balance of 25% filtered case: 1.0148
As a whole: 46722 rows and 46722 columns and 1819792 nonzeros
Load balance of 100% filtered case: 1.01479
Load balance: 1.01479
COMBBLAS Warning: It is dangerous to create (vector) objects without specifying the communicator, are you sure you want to create this object in MPI_COMM_WORLD?
Initializing since date (only once) to 100
2th starting vertex was 33655
Number iterations: 13
Number of vertices found: 6455
Number of edges traversed in both directions: 12675
Number of edges processed in both directions: 1242890
Number of edges processed in one direction: 541011
BFS time: 0.653358 seconds
MTEPS (bidirectional): 0.0193998
MPEPS (bidirectional): 1.90231
MPEPS (unidirectional): 0.828047
Total communication (average so far): 0
9th starting vertex was 11030
Number iterations: 12
Number of vertices found: 6455
Number of edges traversed in both directions: 12675
Number of edges processed in both directions: 1242890
Number of edges processed in one direction: 541011
BFS time: 0.597613 seconds
MTEPS (bidirectional): 0.0212094
MPEPS (bidirectional): 2.07976
MPEPS (unidirectional): 0.905286
Total communication (average so far): 0
12th starting vertex was 8702
Number iterations: 13
Number of vertices found: 6455
Number of edges traversed in both directions: 12675
Number of edges processed in both directions: 1242890
Number of edges processed in one direction: 541011
BFS time: 0.61473 seconds
MTEPS (bidirectional): 0.0206188
MPEPS (bidirectional): 2.02185
MPEPS (unidirectional): 0.880079
Total communication (average so far): 0
17th starting vertex was 43710
Number iterations: 13
Number of vertices found: 6456
Number of edges traversed in both directions: 12677
Number of edges processed in both directions: 1242924
Number of edges processed in one direction: 541045
BFS time: 0.662722 seconds
MTEPS (bidirectional): 0.0191287
MPEPS (bidirectional): 1.87548
MPEPS (unidirectional): 0.816398
Total communication (average so far): 0
18th starting vertex was 25174
Number iterations: 13
Number of vertices found: 6455
Number of edges traversed in both directions: 12675
Number of edges processed in both directions: 1242890
Number of edges processed in one direction: 541011
BFS time: 0.62718 seconds
MTEPS (bidirectional): 0.0202095
MPEPS (bidirectional): 1.98171
MPEPS (unidirectional): 0.862609
Total communication (average so far): 0
19th starting vertex was 39541
Number iterations: 14
Number of vertices found: 6457
Number of edges traversed in both directions: 12677
Number of edges processed in both directions: 1243157
Number of edges processed in one direction: 541124
BFS time: 0.712695 seconds
MTEPS (bidirectional): 0.0177874
MPEPS (bidirectional): 1.7443
MPEPS (unidirectional): 0.759264
Total communication (average so far): 0
21th starting vertex was 14636
Number iterations: 13
Number of vertices found: 6456
Number of edges traversed in both directions: 12676
Number of edges processed in both directions: 1242893
Number of edges processed in one direction: 541014
BFS time: 0.646144 seconds
MTEPS (bidirectional): 0.0196179
MPEPS (bidirectional): 1.92355
MPEPS (unidirectional): 0.837296
Total communication (average so far): 0
42th starting vertex was 45239
Number iterations: 12
Number of vertices found: 6456
Number of edges traversed in both directions: 12676
Number of edges processed in both directions: 1242899
Number of edges processed in one direction: 541019
BFS time: 0.590421 seconds
MTEPS (bidirectional): 0.0214694
MPEPS (bidirectional): 2.10511
MPEPS (unidirectional): 0.916328
Total communication (average so far): 0
47th starting vertex was 24209
Number iterations: 13
Number of vertices found: 6456
Number of edges traversed in both directions: 12676
Number of edges processed in both directions: 1242900
Number of edges processed in one direction: 541018
BFS time: 0.673201 seconds
MTEPS (bidirectional): 0.0188294
MPEPS (bidirectional): 1.84625
MPEPS (unidirectional): 0.80365
Total communication (average so far): 0
53th starting vertex was 38760
Number iterations: 13
Number of vertices found: 6456
Number of edges traversed in both directions: 12677
Number of edges processed in both directions: 1242988
Number of edges processed in one direction: 541100
BFS time: 0.672502 seconds
MTEPS (bidirectional): 0.0188505
MPEPS (bidirectional): 1.8483
MPEPS (unidirectional): 0.804607
Total communication (average so far): 0
54th starting vertex was 1824
Number iterations: 16
Number of vertices found: 6455
Number of edges traversed in both directions: 12675
Number of edges processed in both directions: 1242890
Number of edges processed in one direction: 541011
BFS time: 0.807872 seconds
MTEPS (bidirectional): 0.0156894
MPEPS (bidirectional): 1.53847
MPEPS (unidirectional): 0.669674
Total communication (average so far): 0
55th starting vertex was 12757
Number iterations: 12
Number of vertices found: 6455
Number of edges traversed in both directions: 12675
Number of edges processed in both directions: 1242890
Number of edges processed in one direction: 541011
BFS time: 0.587662 seconds
MTEPS (bidirectional): 0.0215685
MPEPS (bidirectional): 2.11497
MPEPS (unidirectional): 0.920616
Total communication (average so far): 0
61th starting vertex was 27709
Number iterations: 13
Number of vertices found: 6455
Number of edges traversed in both directions: 12675
Number of edges processed in both directions: 1242890
Number of edges processed in one direction: 541011
BFS time: 0.629265 seconds
MTEPS (bidirectional): 0.0201425
MPEPS (bidirectional): 1.97515
MPEPS (unidirectional): 0.859751
Total communication (average so far): 0
63th starting vertex was 31381
Number iterations: 15
Number of vertices found: 6458
Number of edges traversed in both directions: 12679
Number of edges processed in both directions: 1243438
Number of edges processed in one direction: 541401
BFS time: 0.739482 seconds
MTEPS (bidirectional): 0.0171458
MPEPS (bidirectional): 1.6815
MPEPS (unidirectional): 0.732136
Total communication (average so far): 0
64th starting vertex was 44754
Number iterations: 13
Number of vertices found: 6456
Number of edges traversed in both directions: 12676
Number of edges processed in both directions: 1242897
Number of edges processed in one direction: 541017
BFS time: 0.66274 seconds
MTEPS (bidirectional): 0.0191267
MPEPS (bidirectional): 1.87539
MPEPS (unidirectional): 0.816334
Total communication (average so far): 0
71th starting vertex was 6640
Number iterations: 12
Number of vertices found: 6456
Number of edges traversed in both directions: 12677
Number of edges processed in both directions: 1242917
Number of edges processed in one direction: 541037
BFS time: 0.604722 seconds
MTEPS (bidirectional): 0.0209634
MPEPS (bidirectional): 2.05535
MPEPS (unidirectional): 0.894687
Total communication (average so far): 0
16 valid runs done
Connected component lower limite was 100
Per iteration communication times: 
AllGatherv: 0
AlltoAllv: 0
--------------------------
Min nedges: 12675
Median nedges: 12676
Max nedges: 12679
Mean nedges: 12676
STDDEV nedges: 1.1547
--------------------------
Filter keeps 1 percentage of edges
Min time: 0.587662 seconds
Median time: 0.649751 seconds
Max time: 0.807872 seconds
Mean time: 0.655144 seconds
STDDEV time: 0.0590241 seconds
--------------------------
Min MTEPS: 0.0156894
Median MTEPS: 0.0195088
Max MTEPS: 0.0215685
Harmonic mean of MTEPS: 0.0193485
Harmonic standard deviation of MTEPS: 0.00174258
Bidirectional Processed Edges per second (to estimate sustained BW)
Min MPEPS: 1.53847
Median MPEPS: 1.91293
Max MPEPS: 2.11497
Harmonic mean of MPEPS: 1.89723
Harmonic standard deviation of MPEPS: 0.170818
Initializing since date (only once) to 1000
0th starting vertex was 19484
Number iterations: 8
Number of vertices found: 24315
Number of edges traversed in both directions: 173499
Number of edges processed in both directions: 1732471
Number of edges processed in one direction: 845382
BFS time: 0.393894 seconds
MTEPS (bidirectional): 0.440471
MPEPS (bidirectional): 4.39832
MPEPS (unidirectional): 2.14622
Total communication (average so far): 0
2th starting vertex was 33655
Number iterations: 7
Number of vertices found: 24314
Number of edges traversed in both directions: 173498
Number of edges processed in both directions: 1732470
Number of edges processed in one direction: 845381
BFS time: 0.371032 seconds
MTEPS (bidirectional): 0.467609
MPEPS (bidirectional): 4.66933
MPEPS (unidirectional): 2.27846
Total communication (average so far): 0
5th starting vertex was 5986
Number iterations: 8
Number of vertices found: 24315
Number of edges traversed in both directions: 173499
Number of edges processed in both directions: 1732471
Number of edges processed in one direction: 845382
BFS time: 0.402498 seconds
MTEPS (bidirectional): 0.431056
MPEPS (bidirectional): 4.3043
MPEPS (unidirectional): 2.10034
Total communication (average so far): 0
8th starting vertex was 6856
Number iterations: 9
Number of vertices found: 24315
Number of edges traversed in both directions: 173499
Number of edges processed in both directions: 1732472
Number of edges processed in one direction: 845382
BFS time: 0.464603 seconds
MTEPS (bidirectional): 0.373435
MPEPS (bidirectional): 3.72893
MPEPS (unidirectional): 1.81958
Total communication (average so far): 0
9th starting vertex was 11030
Number iterations: 7
Number of vertices found: 24314
Number of edges traversed in both directions: 173498
Number of edges processed in both directions: 1732470
Number of edges processed in one direction: 845381
BFS time: 0.344487 seconds
MTEPS (bidirectional): 0.503641
MPEPS (bidirectional): 5.02913
MPEPS (unidirectional): 2.45403
Total communication (average so far): 0
10th starting vertex was 4314
Number iterations: 8
Number of vertices found: 24314
Number of edges traversed in both directions: 173498
Number of edges processed in both directions: 1732470
Number of edges processed in one direction: 845381
BFS time: 0.41301 seconds
MTEPS (bidirectional): 0.420082
MPEPS (bidirectional): 4.19474
MPEPS (unidirectional): 2.04688
Total communication (average so far): 0
11th starting vertex was 18529
Number iterations: 8
Number of vertices found: 24314
Number of edges traversed in both directions: 173498
Number of edges processed in both directions: 1732470
Number of edges processed in one direction: 845381
BFS time: 0.413598 seconds
MTEPS (bidirectional): 0.419485
MPEPS (bidirectional): 4.18878
MPEPS (unidirectional): 2.04397
Total communication (average so far): 0
12th starting vertex was 8702
Number iterations: 8
Number of vertices found: 24314
Number of edges traversed in both directions: 173498
Number of edges processed in both directions: 1732470
Number of edges processed in one direction: 845381
BFS time: 0.3901 seconds
MTEPS (bidirectional): 0.444753
MPEPS (bidirectional): 4.44109
MPEPS (unidirectional): 2.16709
Total communication (average so far): 0
13th starting vertex was 18123
Number iterations: 8
Number of vertices found: 24314
Number of edges traversed in both directions: 173498
Number of edges processed in both directions: 1732470
Number of edges processed in one direction: 845381
BFS time: 0.422747 seconds
MTEPS (bidirectional): 0.410406
MPEPS (bidirectional): 4.09813
MPEPS (unidirectional): 1.99973
Total communication (average so far): 0
14th starting vertex was 16145
Number iterations: 8
Number of vertices found: 24314
Number of edges traversed in both directions: 173498
Number of edges processed in both directions: 1732470
Number of edges processed in one direction: 845381
BFS time: 0.404939 seconds
MTEPS (bidirectional): 0.428455
MPEPS (bidirectional): 4.27835
MPEPS (unidirectional): 2.08768
Total communication (average so far): 0
15th starting vertex was 31291
Number iterations: 10
Number of vertices found: 24314
Number of edges traversed in both directions: 173498
Number of edges processed in both directions: 1732470
Number of edges processed in one direction: 845381
BFS time: 0.514994 seconds
MTEPS (bidirectional): 0.336893
MPEPS (bidirectional): 3.36406
MPEPS (unidirectional): 1.64154
Total communication (average so far): 0
16th starting vertex was 18537
Number iterations: 8
Number of vertices found: 24314
Number of edges traversed in both directions: 173498
Number of edges processed in both directions: 1732470
Number of edges processed in one direction: 845381
BFS time: 0.389157 seconds
[...]
BFS time: 0.349429 seconds
MTEPS (bidirectional): 1.27836
MPEPS (bidirectional): 5.12101
MPEPS (unidirectional): 2.53708
Total communication (average so far): 0
12th starting vertex was 8702
Number iterations: 6
Number of vertices found: 33408
Number of edges traversed in both directions: 446696
Number of edges processed in both directions: 1789429
Number of edges processed in one direction: 886530
BFS time: 0.30996 seconds
MTEPS (bidirectional): 1.44114
MPEPS (bidirectional): 5.7731
MPEPS (unidirectional): 2.86014
Total communication (average so far): 0
13th starting vertex was 18123
Number iterations: 7
Number of vertices found: 33408
Number of edges traversed in both directions: 446696
Number of edges processed in both directions: 1789429
Number of edges processed in one direction: 886530
BFS time: 0.366503 seconds
MTEPS (bidirectional): 1.21881
MPEPS (bidirectional): 4.88244
MPEPS (unidirectional): 2.41889
Total communication (average so far): 0
14th starting vertex was 16145
Number iterations: 7
Number of vertices found: 33408
Number of edges traversed in both directions: 446696
Number of edges processed in both directions: 1789429
Number of edges processed in one direction: 886530
BFS time: 0.367518 seconds
MTEPS (bidirectional): 1.21544
MPEPS (bidirectional): 4.86895
MPEPS (unidirectional): 2.41221
Total communication (average so far): 0
15th starting vertex was 31291
Number iterations: 7
Number of vertices found: 33408
Number of edges traversed in both directions: 446696
Number of edges processed in both directions: 1789429
Number of edges processed in one direction: 886530
BFS time: 0.374797 seconds
MTEPS (bidirectional): 1.19183
MPEPS (bidirectional): 4.77439
MPEPS (unidirectional): 2.36536
Total communication (average so far): 0
16th starting vertex was 18537
Number iterations: 7
Number of vertices found: 33408
Number of edges traversed in both directions: 446696
Number of edges processed in both directions: 1789429
Number of edges processed in one direction: 886530
BFS time: 0.349279 seconds
MTEPS (bidirectional): 1.27891
MPEPS (bidirectional): 5.12321
MPEPS (unidirectional): 2.53817
Total communication (average so far): 0
17th starting vertex was 43710
Number iterations: 7
Number of vertices found: 33408
Number of edges traversed in both directions: 446696
Number of edges processed in both directions: 1789429
Number of edges processed in one direction: 886530
BFS time: 0.37394 seconds
MTEPS (bidirectional): 1.19457
MPEPS (bidirectional): 4.78534
MPEPS (unidirectional): 2.37078
Total communication (average so far): 0
16 valid runs done
Connected component lower limite was 100
Per iteration communication times: 
AllGatherv: 0
AlltoAllv: 0
--------------------------
Min nedges: 446696
Median nedges: 446696
Max nedges: 446697
Mean nedges: 446696
STDDEV nedges: 0.403113
--------------------------
Filter keeps 25 percentage of edges
Min time: 0.292849 seconds
Median time: 0.36371 seconds
Max time: 0.422384 seconds
Mean time: 0.355589 seconds
STDDEV time: 0.0318403 seconds
--------------------------
Min MTEPS: 1.05756
Median MTEPS: 1.22817
Max MTEPS: 1.52535
Harmonic mean of MTEPS: 1.25622
Harmonic standard deviation of MTEPS: 0.112484
Bidirectional Processed Edges per second (to estimate sustained BW)
Min MPEPS: 4.2365
Median MPEPS: 4.91993
Max MPEPS: 6.11041
Harmonic mean of MPEPS: 5.0323
Harmonic standard deviation of MPEPS: 0.450603
Initializing since date (only once) to 10000
0th starting vertex was 19484
Number iterations: 6
Number of vertices found: 46700
Number of edges traversed in both directions: 1819770
Number of edges processed in both directions: 1819770
Number of edges processed in one direction: 909885
BFS time: 0.378026 seconds
MTEPS (bidirectional): 4.81388
MPEPS (bidirectional): 4.81388
MPEPS (unidirectional): 2.40694
Total communication (average so far): 0
1th starting vertex was 46590
Number iterations: 6
Number of vertices found: 46700
Number of edges traversed in both directions: 1819770
Number of edges processed in both directions: 1819770
Number of edges processed in one direction: 909885
BFS time: 0.370316 seconds
MTEPS (bidirectional): 4.9141
MPEPS (bidirectional): 4.9141
MPEPS (unidirectional): 2.45705
Total communication (average so far): 0
2th starting vertex was 33655
Number iterations: 5
Number of vertices found: 46700
Number of edges traversed in both directions: 1819770
Number of edges processed in both directions: 1819770
Number of edges processed in one direction: 909885
BFS time: 0.319859 seconds
MTEPS (bidirectional): 5.68929
MPEPS (bidirectional): 5.68929
MPEPS (unidirectional): 2.84464
Total communication (average so far): 0
3th starting vertex was 43570
Number iterations: 7
Number of vertices found: 46700
Number of edges traversed in both directions: 1819770
Number of edges processed in both directions: 1819770
Number of edges processed in one direction: 909885
BFS time: 0.409569 seconds
MTEPS (bidirectional): 4.44313
MPEPS (bidirectional): 4.44313
MPEPS (unidirectional): 2.22157
Total communication (average so far): 0
4th starting vertex was 5
Number iterations: 6
Number of vertices found: 46700
Number of edges traversed in both directions: 1819770
Number of edges processed in both directions: 1819770
Number of edges processed in one direction: 909885
BFS time: 0.381109 seconds
MTEPS (bidirectional): 4.77493
MPEPS (bidirectional): 4.77493
MPEPS (unidirectional): 2.38747
Total communication (average so far): 0
5th starting vertex was 5986
Number iterations: 6
Number of vertices found: 46700
Number of edges traversed in both directions: 1819770
Number of edges processed in both directions: 1819770
Number of edges processed in one direction: 909885
BFS time: 0.355154 seconds
MTEPS (bidirectional): 5.12389
MPEPS (bidirectional): 5.12389
MPEPS (unidirectional): 2.56195
Total communication (average so far): 0
6th starting vertex was 14125
Number iterations: 6
Number of vertices found: 46700
Number of edges traversed in both directions: 1819770
Number of edges processed in both directions: 1819770
Number of edges processed in one direction: 909885
BFS time: 0.392276 seconds
MTEPS (bidirectional): 4.639
MPEPS (bidirectional): 4.639
MPEPS (unidirectional): 2.3195
Total communication (average so far): 0
7th starting vertex was 46677
Number iterations: 7
Number of vertices found: 46700
Number of edges traversed in both directions: 1819770
Number of edges processed in both directions: 1819770
Number of edges processed in one direction: 909885
BFS time: 0.407803 seconds
MTEPS (bidirectional): 4.46237
MPEPS (bidirectional): 4.46237
MPEPS (unidirectional): 2.23119
Total communication (average so far): 0
8th starting vertex was 6856
Number iterations: 7
Number of vertices found: 46700
Number of edges traversed in both directions: 1819770
Number of edges processed in both directions: 1819770
Number of edges processed in one direction: 909885
BFS time: 0.418924 seconds
MTEPS (bidirectional): 4.34392
MPEPS (bidirectional): 4.34392
MPEPS (unidirectional): 2.17196
Total communication (average so far): 0
9th starting vertex was 11030
Number iterations: 5
Number of vertices found: 46700
Number of edges traversed in both directions: 1819770
Number of edges processed in both directions: 1819770
Number of edges processed in one direction: 909885
BFS time: 0.304785 seconds
MTEPS (bidirectional): 5.97067
MPEPS (bidirectional): 5.97067
MPEPS (unidirectional): 2.98533
Total communication (average so far): 0
10th starting vertex was 4314
Number iterations: 6
Number of vertices found: 46700
Number of edges traversed in both directions: 1819770
Number of edges processed in both directions: 1819770
Number of edges processed in one direction: 909885
BFS time: 0.367223 seconds
MTEPS (bidirectional): 4.95549
MPEPS (bidirectional): 4.95549
MPEPS (unidirectional): 2.47774
Total communication (average so far): 0
11th starting vertex was 18529
Number iterations: 6
Number of vertices found: 46700
Number of edges traversed in both directions: 1819770
Number of edges processed in both directions: 1819770
Number of edges processed in one direction: 909885
BFS time: 0.393098 seconds
MTEPS (bidirectional): 4.62931
MPEPS (bidirectional): 4.62931
MPEPS (unidirectional): 2.31465
Total communication (average so far): 0
12th starting vertex was 8702
Number iterations: 6
Number of vertices found: 46700
Number of edges traversed in both directions: 1819770
Number of edges processed in both directions: 1819770
Number of edges processed in one direction: 909885
BFS time: 0.367212 seconds
MTEPS (bidirectional): 4.95564
MPEPS (bidirectional): 4.95564
MPEPS (unidirectional): 2.47782
Total communication (average so far): 0
13th starting vertex was 18123
Number iterations: 6
Number of vertices found: 46700
Number of edges traversed in both directions: 1819770
Number of edges processed in both directions: 1819770
Number of edges processed in one direction: 909885
BFS time: 0.369392 seconds
MTEPS (bidirectional): 4.92639
MPEPS (bidirectional): 4.92639
MPEPS (unidirectional): 2.4632
Total communication (average so far): 0
14th starting vertex was 16145
Number iterations: 6
Number of vertices found: 46700
Number of edges traversed in both directions: 1819770
Number of edges processed in both directions: 1819770
Number of edges processed in one direction: 909885
BFS time: 0.382435 seconds
MTEPS (bidirectional): 4.75838
MPEPS (bidirectional): 4.75838
MPEPS (unidirectional): 2.37919
Total communication (average so far): 0
15th starting vertex was 31291
Number iterations: 6
Number of vertices found: 46700
Number of edges traversed in both directions: 1819770
Number of edges processed in both directions: 1819770
Number of edges processed in one direction: 909885
BFS time: 0.359181 seconds
MTEPS (bidirectional): 5.06644
MPEPS (bidirectional): 5.06644
MPEPS (unidirectional): 2.53322
Total communication (average so far): 0
16 valid runs done
Connected component lower limite was 100
Per iteration communication times: 
AllGatherv: 0
AlltoAllv: 0
--------------------------
Min nedges: 1.81977e+06
Median nedges: 1.81977e+06
Max nedges: 1.81977e+06
Mean nedges: 1.81977e+06
STDDEV nedges: 0
--------------------------
Filter keeps 100 percentage of edges
Min time: 0.304785 seconds
Median time: 0.374171 seconds
Max time: 0.418924 seconds
Mean time: 0.373523 seconds
STDDEV time: 0.0302021 seconds
--------------------------
Min MTEPS: 4.34392
Median MTEPS: 4.86399
Max MTEPS: 5.97067
Harmonic mean of MTEPS: 4.87191
Harmonic standard deviation of MTEPS: 0.393931
Bidirectional Processed Edges per second (to estimate sustained BW)
Min MPEPS: 4.34392
Median MPEPS: 4.86399
Max MPEPS: 5.97067
Harmonic mean of MPEPS: 4.87191
Harmonic standard deviation of MPEPS: 0.393931
<end of output>
Test time =  37.64 sec
----------------------------------------------------------
Test Passed.
"FBFS_Test" end time: Feb 20 12:35 +03
"FBFS_Test" time elapsed: 00:00:37
----------------------------------------------------------

14/16 Testing: FMIS_Test
14/16 Test: FMIS_Test
Command: "/usr/bin/mpirun" "-np" "4" "./Applications/fmis" "17"
Directory: /home/cheny0l/work/db245/CombBLAS_beta_16_1/build
"FMIS_Test" start time: Feb 20 12:35 +03
Output:
----------------------------------------------------------
COMBBLAS Warning: It is dangerous to create (matrix) objects without specifying the communicator, are you sure you want to create this object in MPI_COMM_WORLD?
Using synthetic data, which we ALWAYS permute for load balance
We only balance the original input, we don't repermute after each filter change
BFS is run on UNDIRECTED graph, hence hitting CCs, and TEPS is bidirectional
Forcing scale to : 17
Generated renamed edge lists
graph_generation:               0.028020 s
Converted to Boolean and removed 75 loops
As a whole: 131072 rows and 131072 columns and 619978 nonzeros
Generation took 0.0809171 seconds
As a whole: 131072 rows and 131072 columns and 619978 nonzeros
All degrees calculated
Load balance: 1.02317
Symmetricized
As a whole: 131072 rows and 131072 columns and 1239956 nonzeros
Symmetricized Rands
As a whole: 131072 rows and 131072 columns and 1239956 nonzeros
Found (and permuted) non-isolated vertices
Dropped isolated vertices from input
As a whole: 68270 rows and 68270 columns and 12512 nonzeros
Load balance of 1% filtered case: 1.02494
Load balance of 10% filtered case: 1.02518
As a whole: 68270 rows and 68270 columns and 124232 nonzeros
As a whole: 68270 rows and 68270 columns and 310786 nonzeros
Load balance of 25% filtered case: 1.01709
Load balance of 100% filtered case: 1.02035
As a whole: 68270 rows and 68270 columns and 1239956 nonzeros
Load balance: 1.02035
Initializing since date (only once) to 100
[cheny0l-ThinkStation-D30:13347] *** Process received signal ***
[cheny0l-ThinkStation-D30:13345] *** Process received signal ***
[cheny0l-ThinkStation-D30:13346] *** Process received signal ***
[cheny0l-ThinkStation-D30:13344] *** Process received signal ***
[cheny0l-ThinkStation-D30:13345] Signal: Segmentation fault (11)
[cheny0l-ThinkStation-D30:13345] Signal code: Address not mapped (1)
[cheny0l-ThinkStation-D30:13345] Failing at address: 0x6d0000
[cheny0l-ThinkStation-D30:13346] Signal: Segmentation fault (11)
[cheny0l-ThinkStation-D30:13346] Signal code: Address not mapped (1)
[cheny0l-ThinkStation-D30:13346] Failing at address: 0x6d0000
[cheny0l-ThinkStation-D30:13344] Signal: Segmentation fault (11)
[cheny0l-ThinkStation-D30:13344] Signal code: Address not mapped (1)
[cheny0l-ThinkStation-D30:13344] Failing at address: 0x6d0000
[cheny0l-ThinkStation-D30:13347] Signal: Segmentation fault (11)
[cheny0l-ThinkStation-D30:13347] Signal code: Address not mapped (1)
[cheny0l-ThinkStation-D30:13347] Failing at address: 0x6d0000
[cheny0l-ThinkStation-D30:13347] [ 0] [cheny0l-ThinkStation-D30:13345] [cheny0l-ThinkStation-D30:13346] [ 0] /lib/x86_64-linux-gnu/libc.so.6(+0x354b0)[0x7f0347c1e4b0]
[cheny0l-ThinkStation-D30:13347] [ 1] /lib/x86_64-linux-gnu/libc.so.6(+0x354b0)[0x7f4a17bc94b0]
[cheny0l-ThinkStation-D30:13346] [ 1] ./Applications/fmis[0x4196a5]
[cheny0l-ThinkStation-D30:13347] [ 2] ./Applications/fmis[0x4196a5]
[cheny0l-ThinkStation-D30:13346] [ 2] /usr/lib/x86_64-linux-gnu/libgomp.so.1(GOMP_parallel+0x3f)[0x7f03481d4cbf]
[cheny0l-ThinkStation-D30:13347] [ 3] /usr/lib/x86_64-linux-gnu/libgomp.so.1(+0xf43e)[0x7f4a1818343e]
[cheny0l-ThinkStation-D30:13346] [ 3] ./Applications/fmis(main+0x1692)[0x415fc2]
[cheny0l-ThinkStation-D30:13347] [ 4] /lib/x86_64-linux-gnu/libpthread.so.0(+0x76ba)[0x7f4a172586ba]
[cheny0l-ThinkStation-D30:13346] [ 4] /lib/x86_64-linux-gnu/libc.so.6(__libc_start_main+0xf0)[0x7f0347c09830]
/lib/x86_64-linux-gnu/libc.so.6(clone+0x6d)[0x7f4a17c9b41d]
[cheny0l-ThinkStation-D30:13346] *** End of error message ***
[cheny0l-ThinkStation-D30:13347] [ 5] ./Applications/fmis(_start+0x29)[0x418cc9]
[cheny0l-ThinkStation-D30:13347] *** End of error message ***
[ 0] /lib/x86_64-linux-gnu/libc.so.6(+0x354b0)[0x7fe27aa864b0]
[cheny0l-ThinkStation-D30:13345] [ 1] ./Applications/fmis[0x4196a5]
[cheny0l-ThinkStation-D30:13345] [ 2] /usr/lib/x86_64-linux-gnu/libgomp.so.1(+0xf43e)[0x7fe27b04043e]
[cheny0l-ThinkStation-D30:13345] [ 3] /lib/x86_64-linux-gnu/libpthread.so.0(+0x76ba)[0x7fe27a1156ba]
[cheny0l-ThinkStation-D30:13345] [ 4] /lib/x86_64-linux-gnu/libc.so.6(clone+0x6d)[0x7fe27ab5841d]
[cheny0l-ThinkStation-D30:13345] *** End of error message ***
--------------------------------------------------------------------------
mpirun noticed that process rank 1 with PID 13345 on node cheny0l-ThinkStation-D30 exited on signal 11 (Segmentation fault).
--------------------------------------------------------------------------
<end of output>
Test time =   0.67 sec
----------------------------------------------------------
Test Failed.
"FMIS_Test" end time: Feb 20 12:35 +03
"FMIS_Test" time elapsed: 00:00:00
----------------------------------------------------------

15/16 Testing: RCM_Test
15/16 Test: RCM_Test
Command: "/usr/bin/mpirun" "-np" "4" "./Ordering/rcm" "er" "18"
Directory: /home/cheny0l/work/db245/CombBLAS_beta_16_1/build
"RCM_Test" start time: Feb 20 12:35 +03
Output:
----------------------------------------------------------
--------------------------------------
Number of MPI proceses: 4
Number of threads per procese: 10
Load balance: 1.00108
--------------------------------------
Connected component: 1
Creating a new MPI Op for N8combblas7minimumISt4pairIllEEE
    Computing a pseudo-peripheral vertex:
    iteration: 1 BFS levels: 6 Time: 0.425824 seconds.
    iteration: 2 BFS levels: 6 Time: 0.445646 seconds.
    vertex 251938 is a pseudo peripheral vertex
    pseudo diameter: 6, #iterations: 2
    Total time: 0.884049 seconds [SpMV: 0.64598, other: 0.238058]

    Computing the RCM ordering:
    Total time: 0.709011 seconds [SpMV: 0.322195, sorting: 0.230043, other: 0.156774]

Original Bandwidth: 262004
Bandwidth after the matrix is permuted by RCM: 225565

<end of output>
Test time =   4.21 sec
----------------------------------------------------------
Test Passed.
"RCM_Test" end time: Feb 20 12:35 +03
"RCM_Test" time elapsed: 00:00:04
----------------------------------------------------------

16/16 Testing: SpMSpVBench_test
16/16 Test: SpMSpVBench_test
Command: "/usr/bin/mpirun" "-np" "4" "./Applications/SpMSpV-IPDPS2017/SpMSpVBench" "-rmat" "18"
Directory: /home/cheny0l/work/db245/CombBLAS_beta_16_1/build
"SpMSpVBench_test" start time: Feb 20 12:35 +03
Output:
----------------------------------------------------------
As a whole: 262144 rows and 262144 columns and 7648259 nonzeros
Load balance: 1.01083
-------------------------------------------------
BFS With CSC matrix and SpMSpV-bucket algorithm 
-------------------------------------------------
iteration: 0 xnnz: 1 ynnz: 21 SpMSpV time: 0.071198
iteration: 1 xnnz: 21 ynnz: 12761 SpMSpV time: 0.05165
iteration: 2 xnnz: 12748 ynnz: 160501 SpMSpV time: 0.059669
iteration: 3 xnnz: 147916 ynnz: 135853 SpMSpV time: 0.0601971
iteration: 4 xnnz: 15064 ynnz: 13553 SpMSpV time: 0.0458369
iteration: 5 xnnz: 56 ynnz: 56 SpMSpV time: 0.048377

Overall stats:0
  starting vertex: 0
  Avg number iterations: 6
  Avg number of vertices found: 175805
  Avg Number of edges traversed: 7648145
  Avg SpMSpV time: 0.336928
  Avg Total time: 0.432937
-------------------------------------------------
BFS With Split CSC matrix and SpMSpV-heapsort algorithm 
-------------------------------------------------
iteration: 0 xnnz: 1 ynnz: 21 SpMSpV time: 0.032475
iteration: 1 xnnz: 21 ynnz: 12761 SpMSpV time: 0.039609
iteration: 2 xnnz: 12748 ynnz: 160501 SpMSpV time: 0.0655491
iteration: 3 xnnz: 147916 ynnz: 135853 SpMSpV time: 0.059221
iteration: 4 xnnz: 15064 ynnz: 13553 SpMSpV time: 0.034688
iteration: 5 xnnz: 56 ynnz: 56 SpMSpV time: 0.0325201

Overall stats:0
  starting vertex: 0
  Avg number iterations: 6
  Avg number of vertices found: 175805
  Avg Number of edges traversed: 7648145
  Avg SpMSpV time: 0.264062
  Avg Total time: 0.323816
-------------------------------------------------
BFS With DCSC matric and SpMSpV-SPA algorithm 
-------------------------------------------------
iteration: 0 xnnz: 1 ynnz: 21 SpMSpV time: 0.039017
iteration: 1 xnnz: 21 ynnz: 12761 SpMSpV time: 0.0358942
iteration: 2 xnnz: 12748 ynnz: 160501 SpMSpV time: 0.0367489
iteration: 3 xnnz: 147916 ynnz: 135853 SpMSpV time: 0.0403149
iteration: 4 xnnz: 15064 ynnz: 13553 SpMSpV time: 0.0388751
iteration: 5 xnnz: 56 ynnz: 56 SpMSpV time: 0.0344501

Overall stats:0
  starting vertex: 0
  Avg number iterations: 6
  Avg number of vertices found: 175805
  Avg Number of edges traversed: 7648145
  Avg SpMSpV time: 0.2253
  Avg Total time: 0
<end of output>
Test time =   2.67 sec
----------------------------------------------------------
Test Passed.
"SpMSpVBench_test" end time: Feb 20 12:35 +03
"SpMSpVBench_test" time elapsed: 00:00:02
----------------------------------------------------------

End testing: Feb 20 12:35 +03
